[INFO] Scanning for projects...
[INFO] 
[INFO] -----------------------< tqs.backend:tqsbackend >-----------------------
[INFO] Building tqsbackend 0.0.1-SNAPSHOT
[INFO]   from pom.xml
[INFO] --------------------------------[ jar ]---------------------------------
[INFO] 
[INFO] --- jacoco:0.8.11:prepare-agent (default) @ tqsbackend ---
[INFO] argLine set to -javaagent:/Users/joaobarreira/.m2/repository/org/jacoco/org.jacoco.agent/0.8.11/org.jacoco.agent-0.8.11-runtime.jar=destfile=/Users/joaobarreira/Desktop/3ano1semestre/TQS/PartyShare/tqsbackend/target/jacoco.exec
[INFO] 
[INFO] --- resources:3.3.1:resources (default-resources) @ tqsbackend ---
[INFO] Copying 4 resources from src/main/resources to target/classes
[INFO] Copying 18 resources from src/main/resources to target/classes
[INFO] 
[INFO] --- compiler:3.14.1:compile (default-compile) @ tqsbackend ---
[INFO] Nothing to compile - all classes are up to date.
[INFO] 
[INFO] --- resources:3.3.1:testResources (default-testResources) @ tqsbackend ---
[INFO] Copying 2 resources from src/test/resources to target/test-classes
[INFO] 
[INFO] --- compiler:3.14.1:testCompile (default-testCompile) @ tqsbackend ---
[INFO] Nothing to compile - all classes are up to date.
[INFO] 
[INFO] --- surefire:3.2.5:test (default-test) @ tqsbackend ---
[INFO] Using auto detected provider org.apache.maven.surefire.junitplatform.JUnitPlatformProvider
[INFO] 
[INFO] -------------------------------------------------------
[INFO]  T E S T S
[INFO] -------------------------------------------------------
[INFO] Running tqs.backend.tqsbackend.controller.IT_ItemControllerTest
01:16:40.934 [main] INFO org.springframework.test.context.support.AnnotationConfigContextLoaderUtils -- Could not detect default configuration classes for test class [tqs.backend.tqsbackend.controller.IT_ItemControllerTest]: IT_ItemControllerTest does not declare any static, non-private, non-final, nested classes annotated with @Configuration.
01:16:41.098 [main] INFO org.springframework.boot.test.context.SpringBootTestContextBootstrapper -- Found @SpringBootConfiguration tqs.backend.tqsbackend.TqsbackendApplication for test class tqs.backend.tqsbackend.controller.IT_ItemControllerTest
01:16:41.285 [main] INFO org.springframework.boot.devtools.restart.RestartApplicationListener -- Restart disabled due to context in which it is running

  .   ____          _            __ _ _
 /\\ / ___'_ __ _ _(_)_ __  __ _ \ \ \ \
( ( )\___ | '_ | '_| | '_ \/ _` | \ \ \ \
 \\/  ___)| |_)| | | | | || (_| |  ) ) ) )
  '  |____| .__|_| |_|_| |_\__, | / / / /
 =========|_|==============|___/=/_/_/_/

 :: Spring Boot ::                (v3.5.7)

2025-12-11T01:16:41.529Z  INFO 36059 --- [           main] t.b.t.controller.IT_ItemControllerTest   : Starting IT_ItemControllerTest using Java 21.0.2 with PID 36059 (started by joaobarreira in /Users/joaobarreira/Desktop/3ano1semestre/TQS/PartyShare/tqsbackend)
2025-12-11T01:16:41.532Z  INFO 36059 --- [           main] t.b.t.controller.IT_ItemControllerTest   : No active profile set, falling back to 1 default profile: "default"
2025-12-11T01:16:42.195Z  INFO 36059 --- [           main] .s.d.r.c.RepositoryConfigurationDelegate : Bootstrapping Spring Data JPA repositories in DEFAULT mode.
2025-12-11T01:16:42.240Z  INFO 36059 --- [           main] .s.d.r.c.RepositoryConfigurationDelegate : Finished Spring Data repository scanning in 38 ms. Found 8 JPA repository interfaces.
2025-12-11T01:16:42.480Z  INFO 36059 --- [           main] o.hibernate.jpa.internal.util.LogHelper  : HHH000204: Processing PersistenceUnitInfo [name: default]
2025-12-11T01:16:42.539Z  INFO 36059 --- [           main] org.hibernate.Version                    : HHH000412: Hibernate ORM core version 6.6.33.Final
2025-12-11T01:16:42.562Z  INFO 36059 --- [           main] o.h.c.internal.RegionFactoryInitiator    : HHH000026: Second-level cache disabled
2025-12-11T01:16:42.794Z  INFO 36059 --- [           main] o.s.o.j.p.SpringPersistenceUnitInfo      : No LoadTimeWeaver setup: ignoring JPA class transformer
2025-12-11T01:16:42.825Z  INFO 36059 --- [           main] com.zaxxer.hikari.HikariDataSource       : HikariPool-1 - Starting...
2025-12-11T01:16:43.202Z  INFO 36059 --- [           main] com.zaxxer.hikari.pool.HikariPool        : HikariPool-1 - Added connection conn0: url=jdbc:h2:mem:testdb user=SA
2025-12-11T01:16:43.203Z  INFO 36059 --- [           main] com.zaxxer.hikari.HikariDataSource       : HikariPool-1 - Start completed.
2025-12-11T01:16:43.225Z  WARN 36059 --- [           main] org.hibernate.orm.deprecation            : HHH90000025: H2Dialect does not need to be specified explicitly using 'hibernate.dialect' (remove the property setting and it will be selected by default)
2025-12-11T01:16:43.241Z  INFO 36059 --- [           main] org.hibernate.orm.connections.pooling    : HHH10001005: Database info:
	Database JDBC URL [Connecting through datasource 'HikariDataSource (HikariPool-1)']
	Database driver: undefined/unknown
	Database version: 2.3.232
	Autocommit mode: undefined/unknown
	Isolation level: undefined/unknown
	Minimum pool size: undefined/unknown
	Maximum pool size: undefined/unknown
2025-12-11T01:16:44.004Z  INFO 36059 --- [           main] o.h.e.t.j.p.i.JtaPlatformInitiator       : HHH000489: No JTA platform available (set 'hibernate.transaction.jta.platform' to enable JTA platform integration)
2025-12-11T01:16:44.058Z  INFO 36059 --- [           main] j.LocalContainerEntityManagerFactoryBean : Initialized JPA EntityManagerFactory for persistence unit 'default'
2025-12-11T01:16:44.340Z  INFO 36059 --- [           main] o.s.d.j.r.query.QueryEnhancerFactory     : Hibernate is in classpath; If applicable, HQL parser will be used.
Mock data initialized: 3 owners and 5 items created!
2025-12-11T01:16:45.865Z  WARN 36059 --- [           main] JpaBaseConfiguration$JpaWebConfiguration : spring.jpa.open-in-view is enabled by default. Therefore, database queries may be performed during view rendering. Explicitly configure spring.jpa.open-in-view to disable this warning
2025-12-11T01:16:46.273Z  INFO 36059 --- [           main] o.s.b.t.m.w.SpringBootMockServletContext : Initializing Spring TestDispatcherServlet ''
2025-12-11T01:16:46.273Z  INFO 36059 --- [           main] o.s.t.web.servlet.TestDispatcherServlet  : Initializing Servlet ''
2025-12-11T01:16:46.277Z  INFO 36059 --- [           main] o.s.b.a.e.web.EndpointLinksResolver      : Exposing 1 endpoint beneath base path '/actuator'
2025-12-11T01:16:46.284Z  INFO 36059 --- [           main] o.s.t.web.servlet.TestDispatcherServlet  : Completed initialization in 11 ms
2025-12-11T01:16:46.330Z  INFO 36059 --- [           main] t.b.t.controller.IT_ItemControllerTest   : Started IT_ItemControllerTest in 5.061 seconds (process running for 6.064)
Mockito is currently self-attaching to enable the inline-mock-maker. This will no longer work in future releases of the JDK. Please add Mockito as an agent to your build as described in Mockito's documentation: https://javadoc.io/doc/org.mockito/mockito-core/latest/org.mockito/org/mockito/Mockito.html#0.3
WARNING: A Java agent has been loaded dynamically (/Users/joaobarreira/.m2/repository/net/bytebuddy/byte-buddy-agent/1.17.8/byte-buddy-agent-1.17.8.jar)
WARNING: If a serviceability tool is in use, please run with -XX:+EnableDynamicAgentLoading to hide this warning
WARNING: If a serviceability tool is not in use, please run with -Djdk.instrument.traceUsage for more information
WARNING: Dynamic loading of agents will be disallowed by default in a future release

MockHttpServletRequest:
      HTTP Method = POST
      Request URI = /items
       Parameters = {name=[New Item], description=[Description], price=[10.0], categoryId=[1], location=[Aveiro]}
          Headers = [Content-Type:"application/x-www-form-urlencoded;charset=UTF-8"]
             Body = null
    Session Attrs = {userId=5}

Handler:
             Type = tqs.backend.tqsbackend.controller.ItemController
           Method = tqs.backend.tqsbackend.controller.ItemController#createItem(Item, Long, HttpSession)

Async:
    Async started = false
     Async result = null

Resolved Exception:
             Type = null

ModelAndView:
        View name = redirect:/items/7
             View = null
            Model = null

FlashMap:
       Attributes = null

MockHttpServletResponse:
           Status = 302
    Error message = null
          Headers = [Content-Language:"en", Location:"/items/7"]
     Content type = null
             Body = 
    Forwarded URL = null
   Redirected URL = /items/7
          Cookies = []
[ERROR] Tests run: 2, Failures: 1, Errors: 0, Skipped: 0, Time elapsed: 6.070 s <<< FAILURE! -- in tqs.backend.tqsbackend.controller.IT_ItemControllerTest
[ERROR] tqs.backend.tqsbackend.controller.IT_ItemControllerTest.createItem_WithValidData_RedirectsToMyItems -- Time elapsed: 0.017 s <<< FAILURE!
java.lang.AssertionError: Redirected URL expected:</items/my_items> but was:</items/7>
	at org.springframework.test.util.AssertionErrors.fail(AssertionErrors.java:61)
	at org.springframework.test.util.AssertionErrors.assertEquals(AssertionErrors.java:128)
	at org.springframework.test.web.servlet.result.MockMvcResultMatchers.lambda$redirectedUrl$2(MockMvcResultMatchers.java:130)
	at org.springframework.test.web.servlet.MockMvc$1.andExpect(MockMvc.java:214)
	at tqs.backend.tqsbackend.controller.IT_ItemControllerTest.createItem_WithValidData_RedirectsToMyItems(IT_ItemControllerTest.java:69)
	at java.base/java.lang.reflect.Method.invoke(Method.java:580)
	at java.base/java.util.ArrayList.forEach(ArrayList.java:1596)
	at java.base/java.util.ArrayList.forEach(ArrayList.java:1596)

[INFO] Running tqs.backend.tqsbackend.controller.IT_BookingControllerTest
2025-12-11T01:16:46.860Z  INFO 36059 --- [           main] t.c.s.AnnotationConfigContextLoaderUtils : Could not detect default configuration classes for test class [tqs.backend.tqsbackend.controller.IT_BookingControllerTest]: IT_BookingControllerTest does not declare any static, non-private, non-final, nested classes annotated with @Configuration.
2025-12-11T01:16:46.863Z  INFO 36059 --- [           main] .b.t.c.SpringBootTestContextBootstrapper : Found @SpringBootConfiguration tqs.backend.tqsbackend.TqsbackendApplication for test class tqs.backend.tqsbackend.controller.IT_BookingControllerTest
2025-12-11T01:16:46.865Z  INFO 36059 --- [           main] o.s.b.d.r.RestartApplicationListener     : Restart disabled due to context in which it is running

  .   ____          _            __ _ _
 /\\ / ___'_ __ _ _(_)_ __  __ _ \ \ \ \
( ( )\___ | '_ | '_| | '_ \/ _` | \ \ \ \
 \\/  ___)| |_)| | | | | || (_| |  ) ) ) )
  '  |____| .__|_| |_|_| |_\__, | / / / /
 =========|_|==============|___/=/_/_/_/

 :: Spring Boot ::                (v3.5.7)

2025-12-11T01:16:46.875Z  INFO 36059 --- [           main] t.b.t.c.IT_BookingControllerTest         : Starting IT_BookingControllerTest using Java 21.0.2 with PID 36059 (started by joaobarreira in /Users/joaobarreira/Desktop/3ano1semestre/TQS/PartyShare/tqsbackend)
2025-12-11T01:16:46.875Z  INFO 36059 --- [           main] t.b.t.c.IT_BookingControllerTest         : No active profile set, falling back to 1 default profile: "default"
2025-12-11T01:16:46.995Z  INFO 36059 --- [           main] .s.d.r.c.RepositoryConfigurationDelegate : Bootstrapping Spring Data JPA repositories in DEFAULT mode.
2025-12-11T01:16:47.005Z  INFO 36059 --- [           main] .s.d.r.c.RepositoryConfigurationDelegate : Finished Spring Data repository scanning in 9 ms. Found 8 JPA repository interfaces.
2025-12-11T01:16:47.259Z  INFO 36059 --- [           main] o.hibernate.jpa.internal.util.LogHelper  : HHH000204: Processing PersistenceUnitInfo [name: default]
2025-12-11T01:16:47.264Z  INFO 36059 --- [           main] o.h.c.internal.RegionFactoryInitiator    : HHH000026: Second-level cache disabled
2025-12-11T01:16:47.273Z  INFO 36059 --- [           main] o.s.o.j.p.SpringPersistenceUnitInfo      : No LoadTimeWeaver setup: ignoring JPA class transformer
2025-12-11T01:16:47.275Z  INFO 36059 --- [           main] com.zaxxer.hikari.HikariDataSource       : HikariPool-2 - Starting...
2025-12-11T01:16:47.276Z  INFO 36059 --- [           main] com.zaxxer.hikari.pool.HikariPool        : HikariPool-2 - Added connection conn10: url=jdbc:h2:mem:testdb user=SA
2025-12-11T01:16:47.276Z  INFO 36059 --- [           main] com.zaxxer.hikari.HikariDataSource       : HikariPool-2 - Start completed.
2025-12-11T01:16:47.276Z  WARN 36059 --- [           main] org.hibernate.orm.deprecation            : HHH90000025: H2Dialect does not need to be specified explicitly using 'hibernate.dialect' (remove the property setting and it will be selected by default)
2025-12-11T01:16:47.277Z  INFO 36059 --- [           main] org.hibernate.orm.connections.pooling    : HHH10001005: Database info:
	Database JDBC URL [Connecting through datasource 'HikariDataSource (HikariPool-2)']
	Database driver: undefined/unknown
	Database version: 2.3.232
	Autocommit mode: undefined/unknown
	Isolation level: undefined/unknown
	Minimum pool size: undefined/unknown
	Maximum pool size: undefined/unknown
2025-12-11T01:16:47.345Z  INFO 36059 --- [           main] o.h.e.t.j.p.i.JtaPlatformInitiator       : HHH000489: No JTA platform available (set 'hibernate.transaction.jta.platform' to enable JTA platform integration)
2025-12-11T01:16:47.359Z  INFO 36059 --- [           main] j.LocalContainerEntityManagerFactoryBean : Initialized JPA EntityManagerFactory for persistence unit 'default'
Mock data initialized: 3 owners and 5 items created!
2025-12-11T01:16:47.764Z  WARN 36059 --- [           main] JpaBaseConfiguration$JpaWebConfiguration : spring.jpa.open-in-view is enabled by default. Therefore, database queries may be performed during view rendering. Explicitly configure spring.jpa.open-in-view to disable this warning
2025-12-11T01:16:47.895Z  INFO 36059 --- [           main] o.s.b.t.m.w.SpringBootMockServletContext : Initializing Spring TestDispatcherServlet ''
2025-12-11T01:16:47.895Z  INFO 36059 --- [           main] o.s.t.web.servlet.TestDispatcherServlet  : Initializing Servlet ''
2025-12-11T01:16:47.896Z  INFO 36059 --- [           main] o.s.b.a.e.web.EndpointLinksResolver      : Exposing 1 endpoint beneath base path '/actuator'
2025-12-11T01:16:47.901Z  INFO 36059 --- [           main] o.s.t.web.servlet.TestDispatcherServlet  : Completed initialization in 6 ms
2025-12-11T01:16:47.914Z  INFO 36059 --- [           main] t.b.t.c.IT_BookingControllerTest         : Started IT_BookingControllerTest in 1.049 seconds (process running for 7.647)
[INFO] Tests run: 1, Failures: 0, Errors: 0, Skipped: 0, Time elapsed: 1.168 s -- in tqs.backend.tqsbackend.controller.IT_BookingControllerTest
[INFO] 
[INFO] Results:
[INFO] 
[ERROR] Failures: 
[ERROR]   IT_ItemControllerTest.createItem_WithValidData_RedirectsToMyItems:69 Redirected URL expected:</items/my_items> but was:</items/7>
[INFO] 
[ERROR] Tests run: 3, Failures: 1, Errors: 0, Skipped: 0
[INFO] 
[INFO] ------------------------------------------------------------------------
[INFO] BUILD FAILURE
[INFO] ------------------------------------------------------------------------
[INFO] Total time:  8.719 s
[INFO] Finished at: 2025-12-11T01:16:48Z
[INFO] ------------------------------------------------------------------------
[ERROR] Failed to execute goal org.apache.maven.plugins:maven-surefire-plugin:3.2.5:test (default-test) on project tqsbackend: There are test failures.
[ERROR] 
[ERROR] Please refer to /Users/joaobarreira/Desktop/3ano1semestre/TQS/PartyShare/tqsbackend/target/surefire-reports for the individual test results.
[ERROR] Please refer to dump files (if any exist) [date].dump, [date]-jvmRun[N].dump and [date].dumpstream.
[ERROR] -> [Help 1]
[ERROR] 
[ERROR] To see the full stack trace of the errors, re-run Maven with the -e switch.
[ERROR] Re-run Maven using the -X switch to enable full debug logging.
[ERROR] 
[ERROR] For more information about the errors and possible solutions, please read the following articles:
[ERROR] [Help 1] http://cwiki.apache.org/confluence/display/MAVEN/MojoFailureException
